This file contains any messages produced by compilers while
running configure, to aid debugging if configure makes a mistake.

It was created by configure, which was
generated by GNU Autoconf 2.61.  Invocation command line was

  $ ./configure 

## --------- ##
## Platform. ##
## --------- ##

hostname = unknown68a86d57f28f
uname -m = x86_64
uname -r = 11.3.0
uname -s = Darwin
uname -v = Darwin Kernel Version 11.3.0: Thu Jan 12 18:47:41 PST 2012; root:xnu-1699.24.23~1/RELEASE_X86_64

/usr/bin/uname -p = i386
/bin/uname -X     = unknown

/bin/arch              = unknown
/usr/bin/arch -k       = unknown
/usr/convex/getsysinfo = unknown
/usr/bin/hostinfo      = Mach kernel version:
	 Darwin Kernel Version 11.3.0: Thu Jan 12 18:47:41 PST 2012; root:xnu-1699.24.23~1/RELEASE_X86_64
Kernel configured for up to 4 processors.
2 processors are physically available.
4 processors are logically available.
Processor type: i486 (Intel 80486)
Processors active: 0 1 2 3
Primary memory available: 4.00 gigabytes
Default processor set: 84 tasks, 396 threads, 4 processors
Load average: 0.59, Mach factor: 3.40
/bin/machine           = unknown
/usr/bin/oslevel       = unknown
/bin/universe          = unknown

PATH: /usr/bin
PATH: /bin
PATH: /usr/sbin
PATH: /sbin
PATH: /usr/local/bin
PATH: /usr/X11/bin


## ----------- ##
## Core tests. ##
## ----------- ##

configure:1876: checking whether to install link to etags
configure:1883: result: no
configure:1886: checking whether to install readtags object file
configure:1893: result: no
configure:1970: checking for gcc
configure:1986: found /usr/bin/gcc
configure:1997: result: gcc
configure:2235: checking for C compiler version
configure:2242: gcc --version >&5
i686-apple-darwin11-llvm-gcc-4.2 (GCC) 4.2.1 (Based on Apple Inc. build 5658) (LLVM build 2336.9.00)
Copyright (C) 2007 Free Software Foundation, Inc.
This is free software; see the source for copying conditions.  There is NO
warranty; not even for MERCHANTABILITY or FITNESS FOR A PARTICULAR PURPOSE.

configure:2245: $? = 0
configure:2252: gcc -v >&5
Using built-in specs.
Target: i686-apple-darwin11
Configured with: /private/var/tmp/llvmgcc42/llvmgcc42-2336.9~22/src/configure --disable-checking --enable-werror --prefix=/Applications/Xcode.app/Contents/Developer/usr/llvm-gcc-4.2 --mandir=/share/man --enable-languages=c,objc,c++,obj-c++ --program-prefix=llvm- --program-transform-name=/^[cg][^.-]*$/s/$/-4.2/ --with-slibdir=/usr/lib --build=i686-apple-darwin11 --enable-llvm=/private/var/tmp/llvmgcc42/llvmgcc42-2336.9~22/dst-llvmCore/Developer/usr/local --program-prefix=i686-apple-darwin11- --host=x86_64-apple-darwin11 --target=i686-apple-darwin11 --with-gxx-include-dir=/usr/include/c++/4.2.1
Thread model: posix
gcc version 4.2.1 (Based on Apple Inc. build 5658) (LLVM build 2336.9.00)
configure:2255: $? = 0
configure:2262: gcc -V >&5
llvm-gcc-4.2: argument to `-V' is missing
configure:2265: $? = 1
configure:2288: checking for C compiler default output file name
configure:2315: gcc    conftest.c  >&5
configure:2318: $? = 0
configure:2356: result: a.out
configure:2373: checking whether the C compiler works
configure:2383: ./a.out
configure:2386: $? = 0
configure:2403: result: yes
configure:2410: checking whether we are cross compiling
configure:2412: result: no
configure:2415: checking for suffix of executables
configure:2422: gcc -o conftest    conftest.c  >&5
configure:2425: $? = 0
configure:2449: result: 
configure:2455: checking for suffix of object files
configure:2481: gcc -c   conftest.c >&5
configure:2484: $? = 0
configure:2507: result: o
configure:2511: checking whether we are using the GNU C compiler
configure:2540: gcc -c   conftest.c >&5
configure:2546: $? = 0
configure:2563: result: yes
configure:2568: checking whether gcc accepts -g
configure:2598: gcc -c -g  conftest.c >&5
configure:2604: $? = 0
configure:2703: result: yes
configure:2720: checking for gcc option to accept ISO C89
configure:2794: gcc  -c -g -O2  conftest.c >&5
configure:2800: $? = 0
configure:2823: result: none needed
configure:2871: checking whether ln -s works
configure:2875: result: yes
configure:2884: checking for strip
configure:2900: found /usr/bin/strip
configure:2912: result: strip
configure:2926: checking directory to use for temporary files
configure:2944: result: /var/folders/mh/rzg8pxdx1hgdzbybl538p7j80000gn/T/
configure:2957: checking whether #! works in shell scripts
configure:2974: result: yes
configure:2986: checking for case-insensitive filenames
configure:2990: result: yes
configure:3002: checking selected sort method
configure:3008: result: external sort utility
configure:3013: checking for sort
configure:3029: found /usr/bin/sort
configure:3041: result: yes
configure:3050: checking if sort accepts our command line
configure:3058: result: yes
configure:3084: checking how to run the C preprocessor
configure:3124: gcc -E  conftest.c
configure:3130: $? = 0
configure:3161: gcc -E  conftest.c
conftest.c:13:28: error: ac_nonexistent.h: No such file or directory
configure:3167: $? = 1
configure: failed program was:
| /* confdefs.h.  */
| #define PACKAGE_NAME ""
| #define PACKAGE_TARNAME ""
| #define PACKAGE_VERSION ""
| #define PACKAGE_STRING ""
| #define PACKAGE_BUGREPORT ""
| #define DEFAULT_FILE_FORMAT 2
| #define TMPDIR "/var/folders/mh/rzg8pxdx1hgdzbybl538p7j80000gn/T/"
| #define SYS_INTERPRETER 1
| #define CASE_INSENSITIVE_FILENAMES 1
| #define EXTERNAL_SORT 1
| /* end confdefs.h.  */
| #include <ac_nonexistent.h>
configure:3200: result: gcc -E
configure:3229: gcc -E  conftest.c
configure:3235: $? = 0
configure:3266: gcc -E  conftest.c
conftest.c:13:28: error: ac_nonexistent.h: No such file or directory
configure:3272: $? = 1
configure: failed program was:
| /* confdefs.h.  */
| #define PACKAGE_NAME ""
| #define PACKAGE_TARNAME ""
| #define PACKAGE_VERSION ""
| #define PACKAGE_STRING ""
| #define PACKAGE_BUGREPORT ""
| #define DEFAULT_FILE_FORMAT 2
| #define TMPDIR "/var/folders/mh/rzg8pxdx1hgdzbybl538p7j80000gn/T/"
| #define SYS_INTERPRETER 1
| #define CASE_INSENSITIVE_FILENAMES 1
| #define EXTERNAL_SORT 1
| /* end confdefs.h.  */
| #include <ac_nonexistent.h>
configure:3310: checking for grep that handles long lines and -e
configure:3384: result: /usr/bin/grep
configure:3389: checking for egrep
configure:3467: result: /usr/bin/grep -E
configure:3472: checking for ANSI C header files
configure:3502: gcc -c -g -O2  conftest.c >&5
configure:3508: $? = 0
configure:3607: gcc -o conftest -g -O2   conftest.c  >&5
configure:3610: $? = 0
configure:3616: ./conftest
configure:3619: $? = 0
configure:3636: result: yes
configure:3660: checking for sys/types.h
configure:3681: gcc -c -g -O2  conftest.c >&5
configure:3687: $? = 0
configure:3703: result: yes
configure:3660: checking for sys/stat.h
configure:3681: gcc -c -g -O2  conftest.c >&5
configure:3687: $? = 0
configure:3703: result: yes
configure:3660: checking for stdlib.h
configure:3681: gcc -c -g -O2  conftest.c >&5
configure:3687: $? = 0
configure:3703: result: yes
configure:3660: checking for string.h
configure:3681: gcc -c -g -O2  conftest.c >&5
configure:3687: $? = 0
configure:3703: result: yes
configure:3660: checking for memory.h
configure:3681: gcc -c -g -O2  conftest.c >&5
configure:3687: $? = 0
configure:3703: result: yes
configure:3660: checking for strings.h
configure:3681: gcc -c -g -O2  conftest.c >&5
configure:3687: $? = 0
configure:3703: result: yes
configure:3660: checking for inttypes.h
configure:3681: gcc -c -g -O2  conftest.c >&5
configure:3687: $? = 0
configure:3703: result: yes
configure:3660: checking for stdint.h
configure:3681: gcc -c -g -O2  conftest.c >&5
configure:3687: $? = 0
configure:3703: result: yes
configure:3660: checking for unistd.h
configure:3681: gcc -c -g -O2  conftest.c >&5
configure:3687: $? = 0
configure:3703: result: yes
configure:3733: checking dirent.h usability
configure:3750: gcc -c -g -O2  conftest.c >&5
configure:3756: $? = 0
configure:3770: result: yes
configure:3774: checking dirent.h presence
configure:3789: gcc -E  conftest.c
configure:3795: $? = 0
configure:3809: result: yes
configure:3837: checking for dirent.h
configure:3845: result: yes
configure:3733: checking fcntl.h usability
configure:3750: gcc -c -g -O2  conftest.c >&5
configure:3756: $? = 0
configure:3770: result: yes
configure:3774: checking fcntl.h presence
configure:3789: gcc -E  conftest.c
configure:3795: $? = 0
configure:3809: result: yes
configure:3837: checking for fcntl.h
configure:3845: result: yes
configure:3733: checking fnmatch.h usability
configure:3750: gcc -c -g -O2  conftest.c >&5
configure:3756: $? = 0
configure:3770: result: yes
configure:3774: checking fnmatch.h presence
configure:3789: gcc -E  conftest.c
configure:3795: $? = 0
configure:3809: result: yes
configure:3837: checking for fnmatch.h
configure:3845: result: yes
configure:3733: checking stat.h usability
configure:3750: gcc -c -g -O2  conftest.c >&5
conftest.c:59:18: error: stat.h: No such file or directory
configure:3756: $? = 1
configure: failed program was:
| /* confdefs.h.  */
| #define PACKAGE_NAME ""
| #define PACKAGE_TARNAME ""
| #define PACKAGE_VERSION ""
| #define PACKAGE_STRING ""
| #define PACKAGE_BUGREPORT ""
| #define DEFAULT_FILE_FORMAT 2
| #define TMPDIR "/var/folders/mh/rzg8pxdx1hgdzbybl538p7j80000gn/T/"
| #define SYS_INTERPRETER 1
| #define CASE_INSENSITIVE_FILENAMES 1
| #define EXTERNAL_SORT 1
| #define STDC_HEADERS 1
| #define HAVE_SYS_TYPES_H 1
| #define HAVE_SYS_STAT_H 1
| #define HAVE_STDLIB_H 1
| #define HAVE_STRING_H 1
| #define HAVE_MEMORY_H 1
| #define HAVE_STRINGS_H 1
| #define HAVE_INTTYPES_H 1
| #define HAVE_STDINT_H 1
| #define HAVE_UNISTD_H 1
| #define HAVE_DIRENT_H 1
| #define HAVE_FCNTL_H 1
| #define HAVE_FNMATCH_H 1
| /* end confdefs.h.  */
| #include <stdio.h>
| #ifdef HAVE_SYS_TYPES_H
| # include <sys/types.h>
| #endif
| #ifdef HAVE_SYS_STAT_H
| # include <sys/stat.h>
| #endif
| #ifdef STDC_HEADERS
| # include <stdlib.h>
| # include <stddef.h>
| #else
| # ifdef HAVE_STDLIB_H
| #  include <stdlib.h>
| # endif
| #endif
| #ifdef HAVE_STRING_H
| # if !defined STDC_HEADERS && defined HAVE_MEMORY_H
| #  include <memory.h>
| # endif
| # include <string.h>
| #endif
| #ifdef HAVE_STRINGS_H
| # include <strings.h>
| #endif
| #ifdef HAVE_INTTYPES_H
| # include <inttypes.h>
| #endif
| #ifdef HAVE_STDINT_H
| # include <stdint.h>
| #endif
| #ifdef HAVE_UNISTD_H
| # include <unistd.h>
| #endif
| #include <stat.h>
configure:3770: result: no
configure:3774: checking stat.h presence
configure:3789: gcc -E  conftest.c
conftest.c:26:18: error: stat.h: No such file or directory
configure:3795: $? = 1
configure: failed program was:
| /* confdefs.h.  */
| #define PACKAGE_NAME ""
| #define PACKAGE_TARNAME ""
| #define PACKAGE_VERSION ""
| #define PACKAGE_STRING ""
| #define PACKAGE_BUGREPORT ""
| #define DEFAULT_FILE_FORMAT 2
| #define TMPDIR "/var/folders/mh/rzg8pxdx1hgdzbybl538p7j80000gn/T/"
| #define SYS_INTERPRETER 1
| #define CASE_INSENSITIVE_FILENAMES 1
| #define EXTERNAL_SORT 1
| #define STDC_HEADERS 1
| #define HAVE_SYS_TYPES_H 1
| #define HAVE_SYS_STAT_H 1
| #define HAVE_STDLIB_H 1
| #define HAVE_STRING_H 1
| #define HAVE_MEMORY_H 1
| #define HAVE_STRINGS_H 1
| #define HAVE_INTTYPES_H 1
| #define HAVE_STDINT_H 1
| #define HAVE_UNISTD_H 1
| #define HAVE_DIRENT_H 1
| #define HAVE_FCNTL_H 1
| #define HAVE_FNMATCH_H 1
| /* end confdefs.h.  */
| #include <stat.h>
configure:3809: result: no
configure:3837: checking for stat.h
configure:3845: result: no
configure:3723: checking for stdlib.h
configure:3729: result: yes
configure:3723: checking for string.h
configure:3729: result: yes
configure:3733: checking time.h usability
configure:3750: gcc -c -g -O2  conftest.c >&5
configure:3756: $? = 0
configure:3770: result: yes
configure:3774: checking time.h presence
configure:3789: gcc -E  conftest.c
configure:3795: $? = 0
configure:3809: result: yes
configure:3837: checking for time.h
configure:3845: result: yes
configure:3733: checking types.h usability
configure:3750: gcc -c -g -O2  conftest.c >&5
conftest.c:62:19: error: types.h: No such file or directory
configure:3756: $? = 1
configure: failed program was:
| /* confdefs.h.  */
| #define PACKAGE_NAME ""
| #define PACKAGE_TARNAME ""
| #define PACKAGE_VERSION ""
| #define PACKAGE_STRING ""
| #define PACKAGE_BUGREPORT ""
| #define DEFAULT_FILE_FORMAT 2
| #define TMPDIR "/var/folders/mh/rzg8pxdx1hgdzbybl538p7j80000gn/T/"
| #define SYS_INTERPRETER 1
| #define CASE_INSENSITIVE_FILENAMES 1
| #define EXTERNAL_SORT 1
| #define STDC_HEADERS 1
| #define HAVE_SYS_TYPES_H 1
| #define HAVE_SYS_STAT_H 1
| #define HAVE_STDLIB_H 1
| #define HAVE_STRING_H 1
| #define HAVE_MEMORY_H 1
| #define HAVE_STRINGS_H 1
| #define HAVE_INTTYPES_H 1
| #define HAVE_STDINT_H 1
| #define HAVE_UNISTD_H 1
| #define HAVE_DIRENT_H 1
| #define HAVE_FCNTL_H 1
| #define HAVE_FNMATCH_H 1
| #define HAVE_STDLIB_H 1
| #define HAVE_STRING_H 1
| #define HAVE_TIME_H 1
| /* end confdefs.h.  */
| #include <stdio.h>
| #ifdef HAVE_SYS_TYPES_H
| # include <sys/types.h>
| #endif
| #ifdef HAVE_SYS_STAT_H
| # include <sys/stat.h>
| #endif
| #ifdef STDC_HEADERS
| # include <stdlib.h>
| # include <stddef.h>
| #else
| # ifdef HAVE_STDLIB_H
| #  include <stdlib.h>
| # endif
| #endif
| #ifdef HAVE_STRING_H
| # if !defined STDC_HEADERS && defined HAVE_MEMORY_H
| #  include <memory.h>
| # endif
| # include <string.h>
| #endif
| #ifdef HAVE_STRINGS_H
| # include <strings.h>
| #endif
| #ifdef HAVE_INTTYPES_H
| # include <inttypes.h>
| #endif
| #ifdef HAVE_STDINT_H
| # include <stdint.h>
| #endif
| #ifdef HAVE_UNISTD_H
| # include <unistd.h>
| #endif
| #include <types.h>
configure:3770: result: no
configure:3774: checking types.h presence
configure:3789: gcc -E  conftest.c
conftest.c:29:19: error: types.h: No such file or directory
configure:3795: $? = 1
configure: failed program was:
| /* confdefs.h.  */
| #define PACKAGE_NAME ""
| #define PACKAGE_TARNAME ""
| #define PACKAGE_VERSION ""
| #define PACKAGE_STRING ""
| #define PACKAGE_BUGREPORT ""
| #define DEFAULT_FILE_FORMAT 2
| #define TMPDIR "/var/folders/mh/rzg8pxdx1hgdzbybl538p7j80000gn/T/"
| #define SYS_INTERPRETER 1
| #define CASE_INSENSITIVE_FILENAMES 1
| #define EXTERNAL_SORT 1
| #define STDC_HEADERS 1
| #define HAVE_SYS_TYPES_H 1
| #define HAVE_SYS_STAT_H 1
| #define HAVE_STDLIB_H 1
| #define HAVE_STRING_H 1
| #define HAVE_MEMORY_H 1
| #define HAVE_STRINGS_H 1
| #define HAVE_INTTYPES_H 1
| #define HAVE_STDINT_H 1
| #define HAVE_UNISTD_H 1
| #define HAVE_DIRENT_H 1
| #define HAVE_FCNTL_H 1
| #define HAVE_FNMATCH_H 1
| #define HAVE_STDLIB_H 1
| #define HAVE_STRING_H 1
| #define HAVE_TIME_H 1
| /* end confdefs.h.  */
| #include <types.h>
configure:3809: result: no
configure:3837: checking for types.h
configure:3845: result: no
configure:3723: checking for unistd.h
configure:3729: result: yes
configure:3733: checking sys/dir.h usability
configure:3750: gcc -c -g -O2  conftest.c >&5
configure:3756: $? = 0
configure:3770: result: yes
configure:3774: checking sys/dir.h presence
configure:3789: gcc -E  conftest.c
configure:3795: $? = 0
configure:3809: result: yes
configure:3837: checking for sys/dir.h
configure:3845: result: yes
configure:3723: checking for sys/stat.h
configure:3729: result: yes
configure:3733: checking sys/times.h usability
configure:3750: gcc -c -g -O2  conftest.c >&5
configure:3756: $? = 0
configure:3770: result: yes
configure:3774: checking sys/times.h presence
configure:3789: gcc -E  conftest.c
configure:3795: $? = 0
configure:3809: result: yes
configure:3837: checking for sys/times.h
configure:3845: result: yes
configure:3723: checking for sys/types.h
configure:3729: result: yes
configure:3928: checking if L_tmpnam is defined in stdio.h
configure:3945: result: yes
configure:3963: checking if INT_MAX is defined in limits.h
configure:3980: result: yes
configure:4034: checking for size_t
configure:4064: gcc -c -g -O2  conftest.c >&5
configure:4070: $? = 0
configure:4085: result: yes
configure:4097: checking for off_t
configure:4127: gcc -c -g -O2  conftest.c >&5
configure:4133: $? = 0
configure:4148: result: yes
configure:4161: checking for fpos_t
configure:4174: result: yes
configure:4189: checking for clock_t
configure:4202: result: yes
configure:4223: checking for an ANSI C-conforming const
configure:4298: gcc -c -g -O2  conftest.c >&5
configure:4304: $? = 0
configure:4319: result: yes
configure:4332: checking if struct stat contains st_ino
configure:4360: gcc -c -g -O2  conftest.c >&5
conftest.c: In function 'main':
conftest.c:42: warning: incompatible implicit declaration of built-in function 'exit'
configure:4366: $? = 0
configure:4380: result: yes
configure:4397: checking for fnmatch
configure:4453: gcc -o conftest -g -O2   conftest.c  >&5
configure:4459: $? = 0
configure:4477: result: yes
configure:4491: checking for strstr
configure:4547: gcc -o conftest -g -O2   conftest.c  >&5
conftest.c:59: warning: conflicting types for built-in function 'strstr'
configure:4553: $? = 0
configure:4571: result: yes
configure:4586: checking for strcasecmp
configure:4642: gcc -o conftest -g -O2   conftest.c  >&5
conftest.c:60: warning: conflicting types for built-in function 'strcasecmp'
configure:4648: $? = 0
configure:4666: result: yes
configure:4681: checking for strncasecmp
configure:4737: gcc -o conftest -g -O2   conftest.c  >&5
conftest.c:61: warning: conflicting types for built-in function 'strncasecmp'
configure:4743: $? = 0
configure:4761: result: yes
configure:4775: checking for fgetpos
configure:4831: gcc -o conftest -g -O2   conftest.c  >&5
configure:4837: $? = 0
configure:4855: result: yes
configure:4938: checking for mkstemp
configure:4994: gcc -o conftest -g -O2   conftest.c  >&5
configure:5000: $? = 0
configure:5018: result: yes
configure:5231: checking for opendir
configure:5287: gcc -o conftest -g -O2   conftest.c  >&5
configure:5293: $? = 0
configure:5311: result: yes
configure:5325: checking for strerror
configure:5381: gcc -o conftest -g -O2   conftest.c  >&5
configure:5387: $? = 0
configure:5405: result: yes
configure:5420: checking for clock
configure:5476: gcc -o conftest -g -O2   conftest.c  >&5
configure:5482: $? = 0
configure:5500: result: yes
configure:5514: checking for remove
configure:5570: gcc -o conftest -g -O2   conftest.c  >&5
configure:5576: $? = 0
configure:5594: result: yes
configure:5644: checking for truncate
configure:5700: gcc -o conftest -g -O2   conftest.c  >&5
configure:5706: $? = 0
configure:5724: result: yes
configure:5932: checking for setenv
configure:5988: gcc -o conftest -g -O2   conftest.c  >&5
configure:5994: $? = 0
configure:6012: result: yes
configure:6173: checking for regcomp
configure:6229: gcc -o conftest -g -O2   conftest.c  >&5
configure:6235: $? = 0
configure:6253: result: yes
configure:6263: checking if regcomp works
configure:6291: gcc -o conftest -g -O2   conftest.c  >&5
conftest.c: In function 'main':
conftest.c:53: warning: incompatible implicit declaration of built-in function 'exit'
configure:6294: $? = 0
configure:6300: ./conftest
configure:6303: $? = 0
configure:6318: result: yes
configure:6353: checking for new missing prototypes...
configure:6709: creating ./config.status

## ---------------------- ##
## Running config.status. ##
## ---------------------- ##

This file was extended by config.status, which was
generated by GNU Autoconf 2.61.  Invocation command line was

  CONFIG_FILES    = 
  CONFIG_HEADERS  = 
  CONFIG_LINKS    = 
  CONFIG_COMMANDS = 
  $ ./config.status 

on unknown68a86d57f28f

config.status:595: creating Makefile
config.status:595: creating config.h

## ---------------- ##
## Cache variables. ##
## ---------------- ##

ac_cv_c_compiler_gnu=yes
ac_cv_c_const=yes
ac_cv_env_CC_set=
ac_cv_env_CC_value=
ac_cv_env_CFLAGS_set=
ac_cv_env_CFLAGS_value=
ac_cv_env_CPPFLAGS_set=
ac_cv_env_CPPFLAGS_value=
ac_cv_env_CPP_set=
ac_cv_env_CPP_value=
ac_cv_env_LDFLAGS_set=
ac_cv_env_LDFLAGS_value=
ac_cv_env_LIBS_set=
ac_cv_env_LIBS_value=
ac_cv_env_build_alias_set=
ac_cv_env_build_alias_value=
ac_cv_env_host_alias_set=
ac_cv_env_host_alias_value=
ac_cv_env_target_alias_set=
ac_cv_env_target_alias_value=
ac_cv_func_clock=yes
ac_cv_func_fgetpos=yes
ac_cv_func_fnmatch=yes
ac_cv_func_mkstemp=yes
ac_cv_func_opendir=yes
ac_cv_func_regcomp=yes
ac_cv_func_remove=yes
ac_cv_func_setenv=yes
ac_cv_func_strcasecmp=yes
ac_cv_func_strerror=yes
ac_cv_func_strncasecmp=yes
ac_cv_func_strstr=yes
ac_cv_func_truncate=yes
ac_cv_header_dirent_h=yes
ac_cv_header_fcntl_h=yes
ac_cv_header_fnmatch_h=yes
ac_cv_header_inttypes_h=yes
ac_cv_header_memory_h=yes
ac_cv_header_stat_h=no
ac_cv_header_stdc=yes
ac_cv_header_stdint_h=yes
ac_cv_header_stdlib_h=yes
ac_cv_header_string_h=yes
ac_cv_header_strings_h=yes
ac_cv_header_sys_dir_h=yes
ac_cv_header_sys_stat_h=yes
ac_cv_header_sys_times_h=yes
ac_cv_header_sys_types_h=yes
ac_cv_header_time_h=yes
ac_cv_header_types_h=no
ac_cv_header_unistd_h=yes
ac_cv_objext=o
ac_cv_path_EGREP='/usr/bin/grep -E'
ac_cv_path_GREP=/usr/bin/grep
ac_cv_prog_CPP='gcc -E'
ac_cv_prog_STRIP=strip
ac_cv_prog_ac_ct_CC=gcc
ac_cv_prog_cc_c89=
ac_cv_prog_cc_g=yes
ac_cv_prog_sort_found=yes
ac_cv_sys_interpreter=yes
ac_cv_type_off_t=yes
ac_cv_type_size_t=yes

## ----------------- ##
## Output variables. ##
## ----------------- ##

CC='gcc'
CFLAGS='-g -O2'
CPP='gcc -E'
CPPFLAGS=''
DEFS='-DHAVE_CONFIG_H'
ECHO_C='ECHO_N=''
ECHO_T=''
EGREP='/usr/bin/grep -E'
EXEEXT=''
GREP='/usr/bin/grep'
LDFLAGS=''
LIBOBJS=''
LIBS=''
LN_S='ln -s'
LTLIBOBJS=''
OBJEXT='o'
PACKAGE_BUGREPORT=''
PACKAGE_NAME=''
PACKAGE_STRING=''
PACKAGE_TARNAME=''
PACKAGE_VERSION=''
PATH_SEPARATOR=':'
SHELL='/bin/sh'
STRIP='strip'
ac_ct_CC='gcc'
bindir='${exec_prefix}/bin'
build_alias=''
datadir='${datarootdir}'
datarootdir='${prefix}/share'
docdir='${datarootdir}/doc/${PACKAGE}'
dvidir='${docdir}'
exec_prefix='${prefix}'
host_alias=''
htmldir='${docdir}'
includedir='${prefix}/include'
infodir='${datarootdir}/info'
install_targets='install-ctags'
libdir='${exec_prefix}/lib'
libexecdir='${exec_prefix}/libexec'
localedir='${datarootdir}/locale'
localstatedir='${prefix}/var'
mandir='${datarootdir}/man'
oldincludedir='/usr/include'
pdfdir='${docdir}'
prefix='/usr/local'
program_transform_name='s,x,x,'
psdir='${docdir}'
sbindir='${exec_prefix}/sbin'
sharedstatedir='${prefix}/com'
sort_found='yes'
sysconfdir='${prefix}/etc'
target_alias=''

## ----------- ##
## confdefs.h. ##
## ----------- ##

#define PACKAGE_NAME ""
#define PACKAGE_TARNAME ""
#define PACKAGE_VERSION ""
#define PACKAGE_STRING ""
#define PACKAGE_BUGREPORT ""
#define DEFAULT_FILE_FORMAT 2
#define TMPDIR "/var/folders/mh/rzg8pxdx1hgdzbybl538p7j80000gn/T/"
#define SYS_INTERPRETER 1
#define CASE_INSENSITIVE_FILENAMES 1
#define EXTERNAL_SORT 1
#define STDC_HEADERS 1
#define HAVE_SYS_TYPES_H 1
#define HAVE_SYS_STAT_H 1
#define HAVE_STDLIB_H 1
#define HAVE_STRING_H 1
#define HAVE_MEMORY_H 1
#define HAVE_STRINGS_H 1
#define HAVE_INTTYPES_H 1
#define HAVE_STDINT_H 1
#define HAVE_UNISTD_H 1
#define HAVE_DIRENT_H 1
#define HAVE_FCNTL_H 1
#define HAVE_FNMATCH_H 1
#define HAVE_STDLIB_H 1
#define HAVE_STRING_H 1
#define HAVE_TIME_H 1
#define HAVE_UNISTD_H 1
#define HAVE_SYS_DIR_H 1
#define HAVE_SYS_STAT_H 1
#define HAVE_SYS_TIMES_H 1
#define HAVE_SYS_TYPES_H 1
#define HAVE_STAT_ST_INO 1
#define HAVE_FNMATCH 1
#define HAVE_STRSTR 1
#define HAVE_STRCASECMP 1
#define HAVE_STRNCASECMP 1
#define HAVE_FGETPOS 1
#define HAVE_MKSTEMP 1
#define HAVE_OPENDIR 1
#define HAVE_STRERROR 1
#define HAVE_CLOCK 1
#define HAVE_REMOVE 1
#define HAVE_TRUNCATE 1
#define HAVE_SETENV 1
#define HAVE_REGCOMP 1

configure: exit 0
